2017-03-25 18:54:39 : Close Bot
2017-03-25 19:04:41 : Close Bot
2017-03-25 19:06:10 : Close Bot
2017-03-25 19:06:56 : Close Bot
2017-03-25 19:21:01 : Close Bot
2017-03-25 19:22:08 : Close Bot
2017-03-25 19:24:14 : Middle
2017-03-25 19:24:25 : Close Bot
2017-03-25 19:24:38 : Close Bot
2017-03-25 19:26:00 : Middle
2017-03-25 19:26:45 : Close Bot
2017-03-25 19:31:52 : Close Bot
2017-03-25 19:34:34 : Close Bot
2017-03-25 19:36:30 : Close Bot
2017-03-25 20:09:11 : Right
2017-03-25 20:11:41 : Close Bot
2017-03-25 20:14:12 : Left
2017-03-25 20:14:55 : Left
2017-03-25 20:15:00 : Close Bot
2017-03-25 20:15:18 : Middle
2017-03-25 20:16:44 : Middle
2017-03-25 20:17:40 : Left
2017-03-25 20:20:19 : Left
2017-03-25 20:20:28 : Close Bot
2017-03-25 21:24:15 : Close Bot
2017-03-25 21:26:07 : Right
2017-03-25 21:27:24 : Right
2017-03-25 21:28:37 : Middle
2017-03-25 21:29:53 : Middle
2017-03-25 21:31:09 : Right
2017-03-25 21:32:32 : Middle
2017-03-25 21:34:04 : Left
2017-03-25 21:35:26 : Right
2017-03-25 21:42:03 : Close Bot
2017-03-25 21:43:19 : Right
2017-03-25 21:43:49 : Right
2017-03-25 21:45:48 : Right
2017-03-25 21:46:18 : Right
2017-03-25 21:47:45 : Right
2017-03-25 21:49:00 : Right
2017-03-25 21:50:12 : Left
2017-03-25 21:51:27 : Right
2017-03-25 21:52:38 : Left
2017-03-25 21:53:57 : Left
2017-03-25 21:55:14 : Left
2017-03-25 21:56:26 : Right
2017-03-25 21:57:41 : Middle
2017-03-25 22:01:57 : Close Bot
2017-03-25 22:03:44 : Middle
2017-03-25 22:04:49 : Right
2017-03-25 22:05:53 : Middle
2017-03-25 22:07:00 : Left
2017-03-25 22:08:09 : Left
2017-03-25 22:09:23 : Right
2017-03-25 22:10:26 : Left
2017-03-25 22:11:34 : Left
2017-03-25 22:12:49 : Middle
2017-03-25 22:14:02 : Right
2017-03-25 22:15:21 : Right
2017-03-25 22:16:32 : Right
2017-03-25 22:17:43 : Middle
2017-03-25 22:17:59 : Close Bot
2017-03-26 01:16:37 : Close Bot
2017-03-26 01:18:04 : Close Bot
2017-03-26 01:20:42 : Close Bot
2017-03-26 01:23:47 : Start Bot
2017-03-26 01:25:21 : Close Bot
2017-03-26 01:26:45 : Start Bot
2017-03-26 01:29:28 : Middle
2017-03-26 01:29:28 : Profit in day 10 Bath
2017-03-26 01:29:46 : Close Bot
2017-03-26 01:33:00 : Start Bot
2017-03-26 01:37:46 : Middle
2017-03-26 01:37:46 : Profit in day 10 Bath
2017-03-26 01:38:02 : Close Bot
2017-03-26 01:48:38 : Close Bot
2017-03-26 01:49:11 : Start Bot
2017-03-26 01:51:41 : Middle
2017-03-26 01:51:42 : Close Bot
2017-03-26 20:52:15 : Close Bot
2017-03-26 21:21:36 : Close Bot
2017-03-26 21:22:22 : Close Bot
2017-03-26 21:22:36 : Start Bot
2017-03-26 21:22:49 : Close Bot
2017-03-26 21:24:11 : Start Bot
2017-03-26 21:24:13 : Close Bot
2017-03-26 21:24:19 : Start Bot
2017-03-26 21:24:26 : Close Bot
2017-03-26 21:25:08 : Start Bot
2017-03-26 21:25:34 : Close Bot
2017-03-26 21:27:00 : Start Bot
2017-03-26 21:29:48 : Close Bot
2017-03-26 21:30:10 : Start Bot
2017-03-26 21:30:18 : Close Bot
2017-03-26 21:30:29 : Start Bot
2017-03-26 22:22:33 : Profit in day 140 Bath
2017-03-27 01:36:35 : Profit in day 130 Bath
2017-03-27 05:00:32 : Profit in day 160 Bath
2017-03-27 06:52:56 : Profit in day 130 Bath
2017-03-27 10:26:54 : Profit in day 150 Bath
2017-03-27 12:33:46 : Profit in day 110 Bath
2017-03-27 13:30:42 : Close Bot
2017-03-27 13:31:27 : Close Bot
2017-03-27 13:32:55 : Close Bot
2017-03-27 13:33:12 : Close Bot
2017-03-27 13:40:39 : Close Bot
2017-03-27 13:41:35 : Close Bot
2017-03-27 13:47:46 : Close Bot
2017-03-27 13:48:38 : Close Bot
2017-03-27 13:49:19 : Close Bot
2017-03-27 13:53:54 : Close Bot
2017-03-27 13:58:17 : Close Bot
2017-03-27 13:58:28 : Close Bot
